# JRE version: OpenJDK Runtime Environment Temurin-17.0.4.1+1 (17.0.4.1+1) (build 17.0.4.1+1)
# Java VM: OpenJDK 64-Bit Server VM Temurin-17.0.4.1+1 (17.0.4.1+1, mixed mode, tiered, compressed oops, compressed class ptrs, g1 gc, windows-amd64)
GC Precious Log:
 CPUs: 20 total, 20 available
 Memory: 16108M
 Large Page Support: Disabled
 NUMA Support: Disabled
 Compressed Oops: Enabled (Zero based)
 Heap Region Size: 2M
 Heap Min Capacity: 8M
 Heap Initial Capacity: 252M
 Heap Max Capacity: 4028M
 Pre-touch: Disabled
 Parallel Workers: 15
 Concurrent Workers: 4
 Concurrent Refinement Workers: 15
 Periodic GC: Disabled
Heap:
 garbage-first heap   total 40960K, used 10436K [0x0000000704400000, 0x0000000800000000)
  region size 2048K, 3 young (6144K), 2 survivors (4096K)
 Metaspace       used 23821K, committed 24064K, reserved 1073152K
  class space    used 3165K, committed 3264K, reserved 1048576K
GC Heap History (8 events):
Event: 0.333 GC heap before
{Heap before GC invocations=0 (full 0):
 garbage-first heap   total 258048K, used 20480K [0x0000000704400000, 0x0000000800000000)
  region size 2048K, 11 young (22528K), 0 survivors (0K)
 Metaspace       used 12323K, committed 12480K, reserved 1064960K
  class space    used 1268K, committed 1344K, reserved 1048576K
}
Event: 0.335 GC heap after
{Heap after GC invocations=1 (full 0):
 garbage-first heap   total 258048K, used 3033K [0x0000000704400000, 0x0000000800000000)
  region size 2048K, 2 young (4096K), 2 survivors (4096K)
 Metaspace       used 12323K, committed 12480K, reserved 1064960K
  class space    used 1268K, committed 1344K, reserved 1048576K
}
Event: 0.637 GC heap before
{Heap before GC invocations=1 (full 0):
 garbage-first heap   total 258048K, used 35801K [0x0000000704400000, 0x0000000800000000)
  region size 2048K, 18 young (36864K), 2 survivors (4096K)
 Metaspace       used 20111K, committed 20288K, reserved 1073152K
  class space    used 2601K, committed 2688K, reserved 1048576K
}
Event: 0.640 GC heap after
{Heap after GC invocations=2 (full 0):
 garbage-first heap   total 258048K, used 6248K [0x0000000704400000, 0x0000000800000000)
  region size 2048K, 3 young (6144K), 3 survivors (6144K)
 Metaspace       used 20111K, committed 20288K, reserved 1073152K
  class space    used 2601K, committed 2688K, reserved 1048576K
}
Event: 0.685 GC heap before
{Heap before GC invocations=2 (full 0):
 garbage-first heap   total 258048K, used 12392K [0x0000000704400000, 0x0000000800000000)
  region size 2048K, 7 young (14336K), 3 survivors (6144K)
 Metaspace       used 21316K, committed 21504K, reserved 1073152K
  class space    used 2908K, committed 3008K, reserved 1048576K
}
Event: 0.687 GC heap after
{Heap after GC invocations=3 (full 0):
 garbage-first heap   total 258048K, used 7490K [0x0000000704400000, 0x0000000800000000)
  region size 2048K, 4 young (8192K), 4 survivors (8192K)
 Metaspace       used 21316K, committed 21504K, reserved 1073152K
  class space    used 2908K, committed 3008K, reserved 1048576K
}
Event: 2.971 GC heap before
{Heap before GC invocations=4 (full 0):
 garbage-first heap   total 40960K, used 25922K [0x0000000704400000, 0x0000000800000000)
  region size 2048K, 12 young (24576K), 4 survivors (8192K)
 Metaspace       used 23628K, committed 23872K, reserved 1073152K
  class space    used 3159K, committed 3264K, reserved 1048576K
}
Event: 2.977 GC heap after
{Heap after GC invocations=5 (full 0):
 garbage-first heap   total 40960K, used 10436K [0x0000000704400000, 0x0000000800000000)
  region size 2048K, 2 young (4096K), 2 survivors (4096K)
 Metaspace       used 23628K, committed 23872K, reserved 1073152K
  class space    used 3159K, committed 3264K, reserved 1048576K
}

